<?xml version="1.0" encoding="UTF-8"?>
<!-- Generated by org.testng.reporters.JUnitReportReporter -->
<testsuite hostname="DESKTOP-CF3FPRI" failures="0" tests="1" name="patterns.PageTest" time="4.335" errors="0" timestamp="2024-04-14T21:21:16 IST" skipped="0">
  <testcase classname="patterns.PageTest" name="test1" time="4.335"/>
</testsuite> <!-- patterns.PageTest -->
